<?xml version="1.0" encoding="UTF-8"?>
<testsuite xmlns:xsi="http://www.w3.org/2001/XMLSchema-instance" xsi:noNamespaceSchemaLocation="https://maven.apache.org/surefire/maven-surefire-plugin/xsd/surefire-test-report-3.0.xsd" version="3.0" name="br.com.femass.ProjetoDS1.ProjetoDs1ApplicationTests" time="10.187" tests="1" errors="0" skipped="0" failures="0">
  <properties>
[...]
</properties>
  <testcase name="contextLoads" classname="br.com.femass.ProjetoDS1.ProjetoDs1ApplicationTests" time="0.669">
    <system-out><![CDATA[22:59:41.483 [main] INFO org.springframework.test.context.support.AnnotationConfigContextLoaderUtils -- Could not detect default configuration classes for test class [br.com.femass.ProjetoDS1.ProjetoDs1ApplicationTests]: ProjetoDs1ApplicationTests does not declare any static, non-private, non-final, nested classes annotated with @Configuration.
22:59:41.610 [main] INFO org.springframework.boot.test.context.SpringBootTestContextBootstrapper -- Found @SpringBootConfiguration br.com.femass.ProjetoDS1.ProjetoDs1Application for test class br.com.femass.ProjetoDS1.ProjetoDs1ApplicationTests

  .   ____          _            __ _ _
 /\\ / ___'_ __ _ _(_)_ __  __ _ \ \ \ \
( ( )\___ | '_ | '_| | '_ \/ _` | \ \ \ \
 \\/  ___)| |_)| | | | | || (_| |  ) ) ) )
  '  |____| .__|_| |_|_| |_\__, | / / / /
 =========|_|==============|___/=/_/_/_/
 :: Spring Boot ::                (v3.1.2)

2023-08-15T22:59:42.205-03:00  INFO 22744 --- [           main] b.c.f.P.ProjetoDs1ApplicationTests       : Starting ProjetoDs1ApplicationTests using Java 17.0.7 with PID 22744 (started by Davi in C:\Users\Davi\Desktop\DS1\DS1)
2023-08-15T22:59:42.208-03:00  INFO 22744 --- [           main] b.c.f.P.ProjetoDs1ApplicationTests       : No active profile set, falling back to 1 default profile: "default"
2023-08-15T22:59:43.291-03:00  INFO 22744 --- [           main] .s.d.r.c.RepositoryConfigurationDelegate : Bootstrapping Spring Data JPA repositories in DEFAULT mode.
2023-08-15T22:59:43.493-03:00  INFO 22744 --- [           main] .s.d.r.c.RepositoryConfigurationDelegate : Finished Spring Data repository scanning in 190 ms. Found 1 JPA repository interfaces.
2023-08-15T22:59:44.353-03:00  INFO 22744 --- [           main] o.f.c.internal.license.VersionPrinter    : Flyway Community Edition 9.16.3 by Redgate
2023-08-15T22:59:44.353-03:00  INFO 22744 --- [           main] o.f.c.internal.license.VersionPrinter    : See release notes here: https://rd.gt/416ObMi
2023-08-15T22:59:44.354-03:00  INFO 22744 --- [           main] o.f.c.internal.license.VersionPrinter    : 
2023-08-15T22:59:44.378-03:00  INFO 22744 --- [           main] com.zaxxer.hikari.HikariDataSource       : HikariPool-1 - Starting...
2023-08-15T22:59:45.053-03:00  INFO 22744 --- [           main] com.zaxxer.hikari.HikariDataSource       : HikariPool-1 - Start completed.
2023-08-15T22:59:45.137-03:00  INFO 22744 --- [           main] o.f.c.i.database.base.BaseDatabaseType   : Database: jdbc:mysql://localhost:3307/DSaula (MySQL 8.1)
2023-08-15T22:59:45.167-03:00  WARN 22744 --- [           main] o.f.c.internal.database.base.Database    : Flyway upgrade recommended: MySQL 8.1 is newer than this version of Flyway and support has not been tested. The latest supported version of MySQL is 8.0.
2023-08-15T22:59:45.253-03:00  INFO 22744 --- [           main] o.f.core.internal.command.DbValidate     : Successfully validated 1 migration (execution time 00:00.061s)
2023-08-15T22:59:45.302-03:00  INFO 22744 --- [           main] o.f.core.internal.command.DbMigrate      : Current version of schema `dsaula`: 2
2023-08-15T22:59:45.304-03:00  INFO 22744 --- [           main] o.f.core.internal.command.DbMigrate      : Schema `dsaula` is up to date. No migration necessary.
2023-08-15T22:59:45.660-03:00  INFO 22744 --- [           main] o.hibernate.jpa.internal.util.LogHelper  : HHH000204: Processing PersistenceUnitInfo [name: default]
2023-08-15T22:59:45.795-03:00  INFO 22744 --- [           main] org.hibernate.Version                    : HHH000412: Hibernate ORM core version 6.2.6.Final
2023-08-15T22:59:45.799-03:00  INFO 22744 --- [           main] org.hibernate.cfg.Environment            : HHH000406: Using bytecode reflection optimizer
2023-08-15T22:59:46.067-03:00  INFO 22744 --- [           main] o.h.b.i.BytecodeProviderInitiator        : HHH000021: Bytecode provider name : bytebuddy
2023-08-15T22:59:46.328-03:00  INFO 22744 --- [           main] o.s.o.j.p.SpringPersistenceUnitInfo      : No LoadTimeWeaver setup: ignoring JPA class transformer
2023-08-15T22:59:46.709-03:00  INFO 22744 --- [           main] o.h.b.i.BytecodeProviderInitiator        : HHH000021: Bytecode provider name : bytebuddy
2023-08-15T22:59:47.566-03:00  INFO 22744 --- [           main] o.h.e.t.j.p.i.JtaPlatformInitiator       : HHH000490: Using JtaPlatform implementation: [org.hibernate.engine.transaction.jta.platform.internal.NoJtaPlatform]
2023-08-15T22:59:47.570-03:00  INFO 22744 --- [           main] j.LocalContainerEntityManagerFactoryBean : Initialized JPA EntityManagerFactory for persistence unit 'default'
2023-08-15T22:59:48.747-03:00  WARN 22744 --- [           main] JpaBaseConfiguration$JpaWebConfiguration : spring.jpa.open-in-view is enabled by default. Therefore, database queries may be performed during view rendering. Explicitly configure spring.jpa.open-in-view to disable this warning
2023-08-15T22:59:50.698-03:00  INFO 22744 --- [           main] b.c.f.P.ProjetoDs1ApplicationTests       : Started ProjetoDs1ApplicationTests in 8.855 seconds (process running for 10.74)
]]></system-out>
  </testcase>
</testsuite>